Arguments: 
  /Users/nomi/.volta/tools/image/node/16.14.0/bin/node /Users/nomi/.volta/tools/image/yarn/1.22.17/bin/yarn.js init

PATH: 
  /Users/nomi/.volta/tools/image/npm/8.1.3/bin:/Users/nomi/.volta/tools/image/yarn/1.22.17/bin:/Users/nomi/.volta/tools/image/node/16.14.0/bin:/opt/homebrew/opt/openjdk@17/bin:/opt/homebrew/opt/tomcat@9/bin:/Users/nomi/.volta/bin:/home/nomi/.local/bin:/Users/nomi/Library/Caches/fnm_multishells/3201_1659907036756/bin:/Users/nomi/Library/Caches/fnm_multishells/3174_1659907036749/bin:/opt/homebrew/bin:/opt/homebrew/sbin:/usr/local/bin:/usr/bin:/bin:/usr/sbin:/sbin:/Users/nomi/.fig/bin:/Users/nomi/.local/bin:/Users/nomi/Library/Application Support/JetBrains/Toolbox/scripts

Yarn version: 
  1.22.17

Node version: 
  16.14.0

Platform: 
  darwin arm64

Trace: 
  Error: canceled
      at Interface.<anonymous> (/Users/nomi/.volta/tools/image/yarn/1.22.17/lib/cli.js:137143:13)
      at Interface.emit (node:events:520:28)
      at Interface._ttyWrite (node:readline:1081:16)
      at ReadStream.onkeypress (node:readline:288:10)
      at ReadStream.emit (node:events:520:28)
      at emitKeys (node:internal/readline/utils:358:14)
      at emitKeys.next (<anonymous>)
      at ReadStream.onData (node:internal/readline/emitKeypressEvents:61:36)
      at ReadStream.emit (node:events:520:28)
      at addChunk (node:internal/streams/readable:315:12)

npm manifest: 
  No manifest

yarn manifest: 
  No manifest

Lockfile: 
  No lockfile
